SLURM_JOBID=1790459
SLURM_JOB_NODELIST=gpu06
SLURM_NNODES=1
SLURM_TASKS_PER_NODE=1
working directory = /home/y0078217/Laplace2D

Number of devices: 1
Device set: 0
Grid: 1024, 256
time step: 1000 error: 0.255803 MNUPS: 13787
time step: 2000 error: 0.0886718 MNUPS: 14117
time step: 3000 error: 0.0475303 MNUPS: 14133
time step: 4000 error: 0.0304689 MNUPS: 14283
time step: 5000 error: 0.0215478 MNUPS: 14270
time step: 6000 error: 0.0162174 MNUPS: 14299
time step: 7000 error: 0.0127421 MNUPS: 14324
time step: 8000 error: 0.0103322 MNUPS: 14297
time step: 9000 error: 0.0085826 MNUPS: 14641
time step: 10000 error: 0.00726646 MNUPS: 14937
time step: 11000 error: 0.00624801 MNUPS: 14974
time step: 12000 error: 0.00544164 MNUPS: 14889
time step: 13000 error: 0.00479097 MNUPS: 14954
time step: 14000 error: 0.00425754 MNUPS: 14950
time step: 15000 error: 0.00381426 MNUPS: 15057
time step: 16000 error: 0.00344158 MNUPS: 15093
time step: 17000 error: 0.00312502 MNUPS: 15093
time step: 18000 error: 0.00285367 MNUPS: 14929
time step: 19000 error: 0.00261915 MNUPS: 14918
time step: 20000 error: 0.00241492 MNUPS: 14920
time step: 21000 error: 0.00223582 MNUPS: 14960
time step: 22000 error: 0.00207773 MNUPS: 14949
time step: 23000 error: 0.00193733 MNUPS: 15091
time step: 24000 error: 0.00181191 MNUPS: 15086
time step: 25000 error: 0.00169927 MNUPS: 15087
time step: 26000 error: 0.00159758 MNUPS: 15134
time step: 27000 error: 0.00150533 MNUPS: 15078
time step: 28000 error: 0.00142126 MNUPS: 15110
time step: 29000 error: 0.00134431 MNUPS: 15128
time step: 30000 error: 0.0012736 MNUPS: 15138
time step: 31000 error: 0.00120838 MNUPS: 15100
time step: 32000 error: 0.00114801 MNUPS: 15106
time step: 33000 error: 0.00109196 MNUPS: 15106
time step: 34000 error: 0.00103975 MNUPS: 15152
time step: 35000 error: 0.000990996 MNUPS: 15201
time step: 36000 error: 0.000945346 MNUPS: 15149
time step: 37000 error: 0.000902506 MNUPS: 15145
time step: 38000 error: 0.000862218 MNUPS: 15130
time step: 39000 error: 0.000824256 MNUPS: 15204
time step: 40000 error: 0.000788423 MNUPS: 15084
time step: 41000 error: 0.000754545 MNUPS: 15147
time step: 42000 error: 0.000722467 MNUPS: 15165
time step: 43000 error: 0.000692054 MNUPS: 15165
time step: 44000 error: 0.000663184 MNUPS: 15121
time step: 45000 error: 0.000635749 MNUPS: 15144
time step: 46000 error: 0.000609649 MNUPS: 15175
time step: 47000 error: 0.000584798 MNUPS: 15166
time step: 48000 error: 0.000561117 MNUPS: 15148
time step: 49000 error: 0.000538531 MNUPS: 15166
time step: 50000 error: 0.000516976 MNUPS: 15124
time step: 51000 error: 0.000496391 MNUPS: 15166
time step: 52000 error: 0.000476722 MNUPS: 15166
time step: 53000 error: 0.000457916 MNUPS: 15140
time step: 54000 error: 0.000439928 MNUPS: 15124
time step: 55000 error: 0.000422713 MNUPS: 15137
time step: 56000 error: 0.000406232 MNUPS: 15179
time step: 57000 error: 0.000390447 MNUPS: 15108
time step: 58000 error: 0.000375324 MNUPS: 15135
time step: 59000 error: 0.000360829 MNUPS: 15130
time step: 60000 error: 0.000346933 MNUPS: 15107
time step: 61000 error: 0.000333606 MNUPS: 15103
time step: 62000 error: 0.000320823 MNUPS: 15071
time step: 63000 error: 0.000308557 MNUPS: 15145
time step: 64000 error: 0.000296786 MNUPS: 15123
time step: 65000 error: 0.000285487 MNUPS: 15125
time step: 66000 error: 0.000274638 MNUPS: 15082
time step: 67000 error: 0.00026422 MNUPS: 15118
time step: 68000 error: 0.000254215 MNUPS: 15135
time step: 69000 error: 0.000244603 MNUPS: 15103
time step: 70000 error: 0.000235369 MNUPS: 15185
time step: 71000 error: 0.000226495 MNUPS: 15152
time step: 72000 error: 0.000217968 MNUPS: 15107
time step: 73000 error: 0.000209771 MNUPS: 15114
time step: 74000 error: 0.000201892 MNUPS: 15086
time step: 75000 error: 0.000194318 MNUPS: 15113
time step: 76000 error: 0.000187035 MNUPS: 15121
time step: 77000 error: 0.000180033 MNUPS: 15142
time step: 78000 error: 0.000173298 MNUPS: 15060
time step: 79000 error: 0.000166822 MNUPS: 15133
time step: 80000 error: 0.000160592 MNUPS: 15142
time step: 81000 error: 0.0001546 MNUPS: 15159
time step: 82000 error: 0.000148836 MNUPS: 15119
time step: 83000 error: 0.000143291 MNUPS: 15134
time step: 84000 error: 0.000137955 MNUPS: 15086
time step: 85000 error: 0.000132822 MNUPS: 15156
time step: 86000 error: 0.000127882 MNUPS: 15118
time step: 87000 error: 0.000123129 MNUPS: 15105
time step: 88000 error: 0.000118555 MNUPS: 15116
time step: 89000 error: 0.000114153 MNUPS: 15142
time step: 90000 error: 0.000109917 MNUPS: 15150
time step: 91000 error: 0.00010584 MNUPS: 15101
time step: 92000 error: 0.000101915 MNUPS: 15093
time step: 93000 error: 9.81377e-05 MNUPS: 15121
Runtime: 1 s. 
Average MNUPS:12529
